[0.140s] Invoking command in '/home/majiidkun/tubes_uro/build/yolobot_control': CMAKE_PREFIX_PATH=/opt/ros/humble /usr/bin/cmake /home/majiidkun/tubes_uro/src/tubes_uro_control -DCMAKE_INSTALL_PREFIX=/home/majiidkun/tubes_uro/install/yolobot_control
[0.395s] -- The C compiler identification is GNU 11.4.0
[0.868s] -- The CXX compiler identification is GNU 11.4.0
[1.168s] -- Detecting C compiler ABI info
[1.330s] -- Detecting C compiler ABI info - done
[1.347s] -- Check for working C compiler: /usr/bin/cc - skipped
[1.379s] -- Detecting C compile features
[1.380s] -- Detecting C compile features - done
[1.387s] -- Detecting CXX compiler ABI info
[1.556s] -- Detecting CXX compiler ABI info - done
[1.570s] -- Check for working CXX compiler: /usr/bin/c++ - skipped
[1.571s] -- Detecting CXX compile features
[1.571s] -- Detecting CXX compile features - done
[1.622s] -- Found ament_cmake: 1.3.11 (/opt/ros/humble/share/ament_cmake/cmake)
[2.380s] -- Found Python3: /usr/bin/python3 (found version "3.10.12") found components: Interpreter 
[2.586s] -- Found ament_lint_auto: 0.12.11 (/opt/ros/humble/share/ament_lint_auto/cmake)
[2.787s] -- Added test 'copyright' to check source files copyright and LICENSE
[2.792s] -- Added test 'flake8' to check Python code syntax and style conventions
[2.797s] -- Added test 'lint_cmake' to check CMake code style
[2.798s] -- Added test 'pep257' to check Python code against some of the docstring style conventions in PEP 257
[2.802s] -- Added test 'xmllint' to check XML markup files
[2.806s] -- Configuring done
[2.815s] -- Generating done
[2.820s] -- Build files have been written to: /home/majiidkun/tubes_uro/build/yolobot_control
[2.828s] Invoked command in '/home/majiidkun/tubes_uro/build/yolobot_control' returned '0': CMAKE_PREFIX_PATH=/opt/ros/humble /usr/bin/cmake /home/majiidkun/tubes_uro/src/tubes_uro_control -DCMAKE_INSTALL_PREFIX=/home/majiidkun/tubes_uro/install/yolobot_control
[2.833s] Invoking command in '/home/majiidkun/tubes_uro/build/yolobot_control': CMAKE_PREFIX_PATH=/opt/ros/humble /usr/bin/cmake --build /home/majiidkun/tubes_uro/build/yolobot_control -- -j8 -l8
[2.893s] Invoked command in '/home/majiidkun/tubes_uro/build/yolobot_control' returned '0': CMAKE_PREFIX_PATH=/opt/ros/humble /usr/bin/cmake --build /home/majiidkun/tubes_uro/build/yolobot_control -- -j8 -l8
[2.910s] Invoking command in '/home/majiidkun/tubes_uro/build/yolobot_control': CMAKE_PREFIX_PATH=/opt/ros/humble /usr/bin/cmake --install /home/majiidkun/tubes_uro/build/yolobot_control
[2.922s] -- Install configuration: ""
[2.923s] -- Installing: /home/majiidkun/tubes_uro/install/yolobot_control/share/yolobot_control//scripts
[2.924s] -- Installing: /home/majiidkun/tubes_uro/install/yolobot_control/share/yolobot_control//scripts/robot_control.py
[2.924s] -- Installing: /home/majiidkun/tubes_uro/install/yolobot_control/share/yolobot_control//launch
[2.925s] -- Installing: /home/majiidkun/tubes_uro/install/yolobot_control/share/yolobot_control//launch/yolobot_control.launch.py
[2.926s] -- Installing: /home/majiidkun/tubes_uro/install/yolobot_control/lib/yolobot_control/robot_control.py
[2.926s] -- Installing: /home/majiidkun/tubes_uro/install/yolobot_control/lib/yolobot_control/yolobot_control.launch.py
[2.928s] -- Installing: /home/majiidkun/tubes_uro/install/yolobot_control/share/ament_index/resource_index/package_run_dependencies/yolobot_control
[2.929s] -- Installing: /home/majiidkun/tubes_uro/install/yolobot_control/share/ament_index/resource_index/parent_prefix_path/yolobot_control
[2.930s] -- Installing: /home/majiidkun/tubes_uro/install/yolobot_control/share/yolobot_control/environment/ament_prefix_path.sh
[2.930s] -- Installing: /home/majiidkun/tubes_uro/install/yolobot_control/share/yolobot_control/environment/ament_prefix_path.dsv
[2.931s] -- Installing: /home/majiidkun/tubes_uro/install/yolobot_control/share/yolobot_control/environment/path.sh
[2.931s] -- Installing: /home/majiidkun/tubes_uro/install/yolobot_control/share/yolobot_control/environment/path.dsv
[2.932s] -- Installing: /home/majiidkun/tubes_uro/install/yolobot_control/share/yolobot_control/local_setup.bash
[2.933s] -- Installing: /home/majiidkun/tubes_uro/install/yolobot_control/share/yolobot_control/local_setup.sh
[2.933s] -- Installing: /home/majiidkun/tubes_uro/install/yolobot_control/share/yolobot_control/local_setup.zsh
[2.934s] -- Installing: /home/majiidkun/tubes_uro/install/yolobot_control/share/yolobot_control/local_setup.dsv
[2.934s] -- Installing: /home/majiidkun/tubes_uro/install/yolobot_control/share/yolobot_control/package.dsv
[2.937s] -- Installing: /home/majiidkun/tubes_uro/install/yolobot_control/share/ament_index/resource_index/packages/yolobot_control
[2.938s] -- Installing: /home/majiidkun/tubes_uro/install/yolobot_control/share/yolobot_control/cmake/yolobot_controlConfig.cmake
[2.942s] -- Installing: /home/majiidkun/tubes_uro/install/yolobot_control/share/yolobot_control/cmake/yolobot_controlConfig-version.cmake
[2.946s] -- Installing: /home/majiidkun/tubes_uro/install/yolobot_control/share/yolobot_control/package.xml
[2.950s] Invoked command in '/home/majiidkun/tubes_uro/build/yolobot_control' returned '0': CMAKE_PREFIX_PATH=/opt/ros/humble /usr/bin/cmake --install /home/majiidkun/tubes_uro/build/yolobot_control
