[0.075s] Invoking command in '/home/majiidkun/tubes_uro/build/yolobot_recognition': CMAKE_PREFIX_PATH=/opt/ros/humble /usr/bin/cmake /home/majiidkun/tubes_uro/src/tubes_uro_recognition -DCMAKE_INSTALL_PREFIX=/home/majiidkun/tubes_uro/install/yolobot_recognition
[0.284s] -- The C compiler identification is GNU 11.4.0
[0.739s] -- The CXX compiler identification is GNU 11.4.0
[1.053s] -- Detecting C compiler ABI info
[1.257s] -- Detecting C compiler ABI info - done
[1.270s] -- Check for working C compiler: /usr/bin/cc - skipped
[1.270s] -- Detecting C compile features
[1.271s] -- Detecting C compile features - done
[1.276s] -- Detecting CXX compiler ABI info
[1.478s] -- Detecting CXX compiler ABI info - done
[1.492s] -- Check for working CXX compiler: /usr/bin/c++ - skipped
[1.493s] -- Detecting CXX compile features
[1.494s] -- Detecting CXX compile features - done
[1.507s] -- Found ament_cmake: 1.3.11 (/opt/ros/humble/share/ament_cmake/cmake)
[2.315s] -- Found Python3: /usr/bin/python3 (found version "3.10.12") found components: Interpreter 
[2.502s] -- Found ament_lint_auto: 0.12.11 (/opt/ros/humble/share/ament_lint_auto/cmake)
[2.695s] -- Added test 'copyright' to check source files copyright and LICENSE
[2.720s] -- Added test 'flake8' to check Python code syntax and style conventions
[2.723s] -- Added test 'lint_cmake' to check CMake code style
[2.724s] -- Added test 'pep257' to check Python code against some of the docstring style conventions in PEP 257
[2.737s] -- Added test 'xmllint' to check XML markup files
[2.741s] -- Configuring done
[2.750s] -- Generating done
[2.754s] -- Build files have been written to: /home/majiidkun/tubes_uro/build/yolobot_recognition
[2.764s] Invoked command in '/home/majiidkun/tubes_uro/build/yolobot_recognition' returned '0': CMAKE_PREFIX_PATH=/opt/ros/humble /usr/bin/cmake /home/majiidkun/tubes_uro/src/tubes_uro_recognition -DCMAKE_INSTALL_PREFIX=/home/majiidkun/tubes_uro/install/yolobot_recognition
[2.768s] Invoking command in '/home/majiidkun/tubes_uro/build/yolobot_recognition': CMAKE_PREFIX_PATH=/opt/ros/humble /usr/bin/cmake --build /home/majiidkun/tubes_uro/build/yolobot_recognition -- -j8 -l8
[2.873s] Invoked command in '/home/majiidkun/tubes_uro/build/yolobot_recognition' returned '0': CMAKE_PREFIX_PATH=/opt/ros/humble /usr/bin/cmake --build /home/majiidkun/tubes_uro/build/yolobot_recognition -- -j8 -l8
[2.877s] Invoking command in '/home/majiidkun/tubes_uro/build/yolobot_recognition': CMAKE_PREFIX_PATH=/opt/ros/humble /usr/bin/cmake --install /home/majiidkun/tubes_uro/build/yolobot_recognition
[2.888s] -- Install configuration: ""
[2.889s] -- Installing: /home/majiidkun/tubes_uro/install/yolobot_recognition/share/ament_index/resource_index/package_run_dependencies/yolobot_recognition
[2.889s] -- Installing: /home/majiidkun/tubes_uro/install/yolobot_recognition/share/ament_index/resource_index/parent_prefix_path/yolobot_recognition
[2.889s] -- Installing: /home/majiidkun/tubes_uro/install/yolobot_recognition/share/yolobot_recognition/environment/ament_prefix_path.sh
[2.890s] -- Installing: /home/majiidkun/tubes_uro/install/yolobot_recognition/share/yolobot_recognition/environment/ament_prefix_path.dsv
[2.890s] -- Installing: /home/majiidkun/tubes_uro/install/yolobot_recognition/share/yolobot_recognition/environment/path.sh
[2.891s] -- Installing: /home/majiidkun/tubes_uro/install/yolobot_recognition/share/yolobot_recognition/environment/path.dsv
[2.891s] -- Installing: /home/majiidkun/tubes_uro/install/yolobot_recognition/share/yolobot_recognition/local_setup.bash
[2.892s] -- Installing: /home/majiidkun/tubes_uro/install/yolobot_recognition/share/yolobot_recognition/local_setup.sh
[2.892s] -- Installing: /home/majiidkun/tubes_uro/install/yolobot_recognition/share/yolobot_recognition/local_setup.zsh
[2.892s] -- Installing: /home/majiidkun/tubes_uro/install/yolobot_recognition/share/yolobot_recognition/local_setup.dsv
[2.893s] -- Installing: /home/majiidkun/tubes_uro/install/yolobot_recognition/share/yolobot_recognition/package.dsv
[2.894s] -- Installing: /home/majiidkun/tubes_uro/install/yolobot_recognition/share/ament_index/resource_index/packages/yolobot_recognition
[2.894s] -- Installing: /home/majiidkun/tubes_uro/install/yolobot_recognition/share/yolobot_recognition/cmake/yolobot_recognitionConfig.cmake
[2.895s] -- Installing: /home/majiidkun/tubes_uro/install/yolobot_recognition/share/yolobot_recognition/cmake/yolobot_recognitionConfig-version.cmake
[2.895s] -- Installing: /home/majiidkun/tubes_uro/install/yolobot_recognition/share/yolobot_recognition/package.xml
[2.915s] Invoked command in '/home/majiidkun/tubes_uro/build/yolobot_recognition' returned '0': CMAKE_PREFIX_PATH=/opt/ros/humble /usr/bin/cmake --install /home/majiidkun/tubes_uro/build/yolobot_recognition
