[0.465s] DEBUG:colcon:Command line arguments: ['/usr/bin/colcon', 'build']
[0.465s] DEBUG:colcon:Parsed command line arguments: Namespace(log_base=None, log_level=None, verb_name='build', build_base='build', install_base='install', merge_install=False, symlink_install=False, test_result_base=None, continue_on_error=False, executor='parallel', parallel_workers=8, event_handlers=None, ignore_user_meta=False, metas=['./colcon.meta'], base_paths=['.'], packages_ignore=None, packages_ignore_regex=None, paths=None, packages_up_to=None, packages_up_to_regex=None, packages_above=None, packages_above_and_dependencies=None, packages_above_depth=None, packages_select_by_dep=None, packages_skip_by_dep=None, packages_skip_up_to=None, packages_select_build_failed=False, packages_skip_build_finished=False, packages_select_test_failures=False, packages_skip_test_passed=False, packages_select=None, packages_skip=None, packages_select_regex=None, packages_skip_regex=None, packages_start=None, packages_end=None, allow_overriding=[], cmake_args=None, cmake_target=None, cmake_target_skip_unavailable=False, cmake_clean_cache=False, cmake_clean_first=False, cmake_force_configure=False, ament_cmake_args=None, catkin_cmake_args=None, catkin_skip_building_tests=False, mixin_files=None, mixin=None, verb_parser=<colcon_mixin.mixin.mixin_argument.MixinArgumentDecorator object at 0x7f6db5b734c0>, verb_extension=<colcon_core.verb.build.BuildVerb object at 0x7f6db5b30b50>, main=<bound method BuildVerb.main of <colcon_core.verb.build.BuildVerb object at 0x7f6db5b30b50>>, mixin_verb=('build',))
[0.593s] Level 1:colcon.colcon_core.package_discovery:discover_packages(colcon_meta) check parameters
[0.594s] INFO:colcon.colcon_metadata.package_discovery.colcon_meta:Using configuration from '/home/majiidkun/.colcon/metadata/default/Gazebo.meta'
[0.596s] INFO:colcon.colcon_metadata.package_discovery.colcon_meta:Using configuration from '/home/majiidkun/.colcon/metadata/default/fastrtps.meta'
[0.597s] Level 1:colcon.colcon_core.package_discovery:discover_packages(recursive) check parameters
[0.597s] Level 1:colcon.colcon_core.package_discovery:discover_packages(ignore) check parameters
[0.597s] Level 1:colcon.colcon_core.package_discovery:discover_packages(path) check parameters
[0.597s] Level 1:colcon.colcon_core.package_discovery:discover_packages(colcon_meta) discover
[0.597s] Level 1:colcon.colcon_core.package_discovery:discover_packages(recursive) discover
[0.597s] INFO:colcon.colcon_core.package_discovery:Crawling recursively for packages in '/home/majiidkun/tubes_uro'
[0.598s] Level 1:colcon.colcon_core.package_identification:_identify(.) by extensions ['ignore', 'ignore_ament_install']
[0.598s] Level 1:colcon.colcon_core.package_identification:_identify(.) by extension 'ignore'
[0.598s] Level 1:colcon.colcon_core.package_identification:_identify(.) by extension 'ignore_ament_install'
[0.598s] Level 1:colcon.colcon_core.package_identification:_identify(.) by extensions ['colcon_pkg']
[0.598s] Level 1:colcon.colcon_core.package_identification:_identify(.) by extension 'colcon_pkg'
[0.598s] Level 1:colcon.colcon_core.package_identification:_identify(.) by extensions ['colcon_meta']
[0.598s] Level 1:colcon.colcon_core.package_identification:_identify(.) by extension 'colcon_meta'
[0.599s] Level 1:colcon.colcon_core.package_identification:_identify(.) by extensions ['ros']
[0.599s] Level 1:colcon.colcon_core.package_identification:_identify(.) by extension 'ros'
[0.605s] Level 1:colcon.colcon_core.package_identification:_identify(.) by extensions ['cmake', 'python']
[0.605s] Level 1:colcon.colcon_core.package_identification:_identify(.) by extension 'cmake'
[0.605s] Level 1:colcon.colcon_core.package_identification:_identify(.) by extension 'python'
[0.606s] Level 1:colcon.colcon_core.package_identification:_identify(.) by extensions ['python_setup_py']
[0.606s] Level 1:colcon.colcon_core.package_identification:_identify(.) by extension 'python_setup_py'
[0.606s] Level 1:colcon.colcon_core.package_identification:_identify(build) by extensions ['ignore', 'ignore_ament_install']
[0.606s] Level 1:colcon.colcon_core.package_identification:_identify(build) by extension 'ignore'
[0.606s] Level 1:colcon.colcon_core.package_identification:_identify(build) ignored
[0.606s] Level 1:colcon.colcon_core.package_identification:_identify(install) by extensions ['ignore', 'ignore_ament_install']
[0.606s] Level 1:colcon.colcon_core.package_identification:_identify(install) by extension 'ignore'
[0.607s] Level 1:colcon.colcon_core.package_identification:_identify(install) ignored
[0.607s] Level 1:colcon.colcon_core.package_identification:_identify(log) by extensions ['ignore', 'ignore_ament_install']
[0.607s] Level 1:colcon.colcon_core.package_identification:_identify(log) by extension 'ignore'
[0.607s] Level 1:colcon.colcon_core.package_identification:_identify(log) ignored
[0.607s] Level 1:colcon.colcon_core.package_identification:_identify(src) by extensions ['ignore', 'ignore_ament_install']
[0.607s] Level 1:colcon.colcon_core.package_identification:_identify(src) by extension 'ignore'
[0.607s] Level 1:colcon.colcon_core.package_identification:_identify(src) by extension 'ignore_ament_install'
[0.607s] Level 1:colcon.colcon_core.package_identification:_identify(src) by extensions ['colcon_pkg']
[0.607s] Level 1:colcon.colcon_core.package_identification:_identify(src) by extension 'colcon_pkg'
[0.608s] Level 1:colcon.colcon_core.package_identification:_identify(src) by extensions ['colcon_meta']
[0.608s] Level 1:colcon.colcon_core.package_identification:_identify(src) by extension 'colcon_meta'
[0.608s] Level 1:colcon.colcon_core.package_identification:_identify(src) by extensions ['ros']
[0.608s] Level 1:colcon.colcon_core.package_identification:_identify(src) by extension 'ros'
[0.608s] Level 1:colcon.colcon_core.package_identification:_identify(src) by extensions ['cmake', 'python']
[0.608s] Level 1:colcon.colcon_core.package_identification:_identify(src) by extension 'cmake'
[0.608s] Level 1:colcon.colcon_core.package_identification:_identify(src) by extension 'python'
[0.608s] Level 1:colcon.colcon_core.package_identification:_identify(src) by extensions ['python_setup_py']
[0.608s] Level 1:colcon.colcon_core.package_identification:_identify(src) by extension 'python_setup_py'
[0.608s] Level 1:colcon.colcon_core.package_identification:_identify(src/tubes_uro_control) by extensions ['ignore', 'ignore_ament_install']
[0.609s] Level 1:colcon.colcon_core.package_identification:_identify(src/tubes_uro_control) by extension 'ignore'
[0.609s] Level 1:colcon.colcon_core.package_identification:_identify(src/tubes_uro_control) by extension 'ignore_ament_install'
[0.609s] Level 1:colcon.colcon_core.package_identification:_identify(src/tubes_uro_control) by extensions ['colcon_pkg']
[0.609s] Level 1:colcon.colcon_core.package_identification:_identify(src/tubes_uro_control) by extension 'colcon_pkg'
[0.609s] Level 1:colcon.colcon_core.package_identification:_identify(src/tubes_uro_control) by extensions ['colcon_meta']
[0.609s] Level 1:colcon.colcon_core.package_identification:_identify(src/tubes_uro_control) by extension 'colcon_meta'
[0.609s] Level 1:colcon.colcon_core.package_identification:_identify(src/tubes_uro_control) by extensions ['ros']
[0.609s] Level 1:colcon.colcon_core.package_identification:_identify(src/tubes_uro_control) by extension 'ros'
[0.616s] DEBUG:colcon.colcon_core.package_identification:Package 'src/tubes_uro_control' with type 'ros.ament_cmake' and name 'yolobot_control'
[0.616s] Level 1:colcon.colcon_core.package_identification:_identify(src/tubes_uro_description) by extensions ['ignore', 'ignore_ament_install']
[0.616s] Level 1:colcon.colcon_core.package_identification:_identify(src/tubes_uro_description) by extension 'ignore'
[0.616s] Level 1:colcon.colcon_core.package_identification:_identify(src/tubes_uro_description) by extension 'ignore_ament_install'
[0.617s] Level 1:colcon.colcon_core.package_identification:_identify(src/tubes_uro_description) by extensions ['colcon_pkg']
[0.617s] Level 1:colcon.colcon_core.package_identification:_identify(src/tubes_uro_description) by extension 'colcon_pkg'
[0.617s] Level 1:colcon.colcon_core.package_identification:_identify(src/tubes_uro_description) by extensions ['colcon_meta']
[0.617s] Level 1:colcon.colcon_core.package_identification:_identify(src/tubes_uro_description) by extension 'colcon_meta'
[0.617s] Level 1:colcon.colcon_core.package_identification:_identify(src/tubes_uro_description) by extensions ['ros']
[0.617s] Level 1:colcon.colcon_core.package_identification:_identify(src/tubes_uro_description) by extension 'ros'
[0.618s] DEBUG:colcon.colcon_core.package_identification:Package 'src/tubes_uro_description' with type 'ros.ament_cmake' and name 'yolobot_description'
[0.618s] Level 1:colcon.colcon_core.package_identification:_identify(src/tubes_uro_gazebo) by extensions ['ignore', 'ignore_ament_install']
[0.618s] Level 1:colcon.colcon_core.package_identification:_identify(src/tubes_uro_gazebo) by extension 'ignore'
[0.618s] Level 1:colcon.colcon_core.package_identification:_identify(src/tubes_uro_gazebo) by extension 'ignore_ament_install'
[0.618s] Level 1:colcon.colcon_core.package_identification:_identify(src/tubes_uro_gazebo) by extensions ['colcon_pkg']
[0.618s] Level 1:colcon.colcon_core.package_identification:_identify(src/tubes_uro_gazebo) by extension 'colcon_pkg'
[0.618s] Level 1:colcon.colcon_core.package_identification:_identify(src/tubes_uro_gazebo) by extensions ['colcon_meta']
[0.618s] Level 1:colcon.colcon_core.package_identification:_identify(src/tubes_uro_gazebo) by extension 'colcon_meta'
[0.619s] Level 1:colcon.colcon_core.package_identification:_identify(src/tubes_uro_gazebo) by extensions ['ros']
[0.619s] Level 1:colcon.colcon_core.package_identification:_identify(src/tubes_uro_gazebo) by extension 'ros'
[0.619s] DEBUG:colcon.colcon_core.package_identification:Package 'src/tubes_uro_gazebo' with type 'ros.ament_cmake' and name 'yolobot_gazebo'
[0.620s] Level 1:colcon.colcon_core.package_identification:_identify(src/tubes_uro_recognition) by extensions ['ignore', 'ignore_ament_install']
[0.620s] Level 1:colcon.colcon_core.package_identification:_identify(src/tubes_uro_recognition) by extension 'ignore'
[0.620s] Level 1:colcon.colcon_core.package_identification:_identify(src/tubes_uro_recognition) by extension 'ignore_ament_install'
[0.620s] Level 1:colcon.colcon_core.package_identification:_identify(src/tubes_uro_recognition) by extensions ['colcon_pkg']
[0.620s] Level 1:colcon.colcon_core.package_identification:_identify(src/tubes_uro_recognition) by extension 'colcon_pkg'
[0.620s] Level 1:colcon.colcon_core.package_identification:_identify(src/tubes_uro_recognition) by extensions ['colcon_meta']
[0.620s] Level 1:colcon.colcon_core.package_identification:_identify(src/tubes_uro_recognition) by extension 'colcon_meta'
[0.620s] Level 1:colcon.colcon_core.package_identification:_identify(src/tubes_uro_recognition) by extensions ['ros']
[0.620s] Level 1:colcon.colcon_core.package_identification:_identify(src/tubes_uro_recognition) by extension 'ros'
[0.621s] DEBUG:colcon.colcon_core.package_identification:Package 'src/tubes_uro_recognition' with type 'ros.ament_cmake' and name 'yolobot_recognition'
[0.621s] Level 1:colcon.colcon_core.package_discovery:discover_packages(recursive) using defaults
[0.621s] Level 1:colcon.colcon_core.package_discovery:discover_packages(ignore) discover
[0.621s] Level 1:colcon.colcon_core.package_discovery:discover_packages(ignore) using defaults
[0.621s] Level 1:colcon.colcon_core.package_discovery:discover_packages(path) discover
[0.621s] Level 1:colcon.colcon_core.package_discovery:discover_packages(path) using defaults
[0.680s] Level 1:colcon.colcon_core.package_discovery:discover_packages(prefix_path) check parameters
[0.680s] Level 1:colcon.colcon_core.package_discovery:discover_packages(prefix_path) discover
[0.694s] DEBUG:colcon.colcon_installed_package_information.package_discovery:Found 350 installed packages in /opt/ros/humble
[0.700s] Level 1:colcon.colcon_core.package_discovery:discover_packages(prefix_path) using defaults
[0.882s] Level 5:colcon.colcon_core.verb:set package 'yolobot_control' build argument 'cmake_args' from command line to 'None'
[0.882s] Level 5:colcon.colcon_core.verb:set package 'yolobot_control' build argument 'cmake_target' from command line to 'None'
[0.882s] Level 5:colcon.colcon_core.verb:set package 'yolobot_control' build argument 'cmake_target_skip_unavailable' from command line to 'False'
[0.882s] Level 5:colcon.colcon_core.verb:set package 'yolobot_control' build argument 'cmake_clean_cache' from command line to 'False'
[0.882s] Level 5:colcon.colcon_core.verb:set package 'yolobot_control' build argument 'cmake_clean_first' from command line to 'False'
[0.882s] Level 5:colcon.colcon_core.verb:set package 'yolobot_control' build argument 'cmake_force_configure' from command line to 'False'
[0.882s] Level 5:colcon.colcon_core.verb:set package 'yolobot_control' build argument 'ament_cmake_args' from command line to 'None'
[0.882s] Level 5:colcon.colcon_core.verb:set package 'yolobot_control' build argument 'catkin_cmake_args' from command line to 'None'
[0.882s] Level 5:colcon.colcon_core.verb:set package 'yolobot_control' build argument 'catkin_skip_building_tests' from command line to 'False'
[0.883s] DEBUG:colcon.colcon_core.verb:Building package 'yolobot_control' with the following arguments: {'ament_cmake_args': None, 'build_base': '/home/majiidkun/tubes_uro/build/yolobot_control', 'catkin_cmake_args': None, 'catkin_skip_building_tests': False, 'cmake_args': None, 'cmake_clean_cache': False, 'cmake_clean_first': False, 'cmake_force_configure': False, 'cmake_target': None, 'cmake_target_skip_unavailable': False, 'install_base': '/home/majiidkun/tubes_uro/install/yolobot_control', 'merge_install': False, 'path': '/home/majiidkun/tubes_uro/src/tubes_uro_control', 'symlink_install': False, 'test_result_base': None}
[0.884s] Level 5:colcon.colcon_core.verb:set package 'yolobot_description' build argument 'cmake_args' from command line to 'None'
[0.884s] Level 5:colcon.colcon_core.verb:set package 'yolobot_description' build argument 'cmake_target' from command line to 'None'
[0.884s] Level 5:colcon.colcon_core.verb:set package 'yolobot_description' build argument 'cmake_target_skip_unavailable' from command line to 'False'
[0.884s] Level 5:colcon.colcon_core.verb:set package 'yolobot_description' build argument 'cmake_clean_cache' from command line to 'False'
[0.884s] Level 5:colcon.colcon_core.verb:set package 'yolobot_description' build argument 'cmake_clean_first' from command line to 'False'
[0.884s] Level 5:colcon.colcon_core.verb:set package 'yolobot_description' build argument 'cmake_force_configure' from command line to 'False'
[0.884s] Level 5:colcon.colcon_core.verb:set package 'yolobot_description' build argument 'ament_cmake_args' from command line to 'None'
[0.885s] Level 5:colcon.colcon_core.verb:set package 'yolobot_description' build argument 'catkin_cmake_args' from command line to 'None'
[0.885s] Level 5:colcon.colcon_core.verb:set package 'yolobot_description' build argument 'catkin_skip_building_tests' from command line to 'False'
[0.885s] DEBUG:colcon.colcon_core.verb:Building package 'yolobot_description' with the following arguments: {'ament_cmake_args': None, 'build_base': '/home/majiidkun/tubes_uro/build/yolobot_description', 'catkin_cmake_args': None, 'catkin_skip_building_tests': False, 'cmake_args': None, 'cmake_clean_cache': False, 'cmake_clean_first': False, 'cmake_force_configure': False, 'cmake_target': None, 'cmake_target_skip_unavailable': False, 'install_base': '/home/majiidkun/tubes_uro/install/yolobot_description', 'merge_install': False, 'path': '/home/majiidkun/tubes_uro/src/tubes_uro_description', 'symlink_install': False, 'test_result_base': None}
[0.886s] Level 5:colcon.colcon_core.verb:set package 'yolobot_gazebo' build argument 'cmake_args' from command line to 'None'
[0.886s] Level 5:colcon.colcon_core.verb:set package 'yolobot_gazebo' build argument 'cmake_target' from command line to 'None'
[0.886s] Level 5:colcon.colcon_core.verb:set package 'yolobot_gazebo' build argument 'cmake_target_skip_unavailable' from command line to 'False'
[0.886s] Level 5:colcon.colcon_core.verb:set package 'yolobot_gazebo' build argument 'cmake_clean_cache' from command line to 'False'
[0.886s] Level 5:colcon.colcon_core.verb:set package 'yolobot_gazebo' build argument 'cmake_clean_first' from command line to 'False'
[0.886s] Level 5:colcon.colcon_core.verb:set package 'yolobot_gazebo' build argument 'cmake_force_configure' from command line to 'False'
[0.886s] Level 5:colcon.colcon_core.verb:set package 'yolobot_gazebo' build argument 'ament_cmake_args' from command line to 'None'
[0.886s] Level 5:colcon.colcon_core.verb:set package 'yolobot_gazebo' build argument 'catkin_cmake_args' from command line to 'None'
[0.886s] Level 5:colcon.colcon_core.verb:set package 'yolobot_gazebo' build argument 'catkin_skip_building_tests' from command line to 'False'
[0.887s] DEBUG:colcon.colcon_core.verb:Building package 'yolobot_gazebo' with the following arguments: {'ament_cmake_args': None, 'build_base': '/home/majiidkun/tubes_uro/build/yolobot_gazebo', 'catkin_cmake_args': None, 'catkin_skip_building_tests': False, 'cmake_args': None, 'cmake_clean_cache': False, 'cmake_clean_first': False, 'cmake_force_configure': False, 'cmake_target': None, 'cmake_target_skip_unavailable': False, 'install_base': '/home/majiidkun/tubes_uro/install/yolobot_gazebo', 'merge_install': False, 'path': '/home/majiidkun/tubes_uro/src/tubes_uro_gazebo', 'symlink_install': False, 'test_result_base': None}
[0.888s] Level 5:colcon.colcon_core.verb:set package 'yolobot_recognition' build argument 'cmake_args' from command line to 'None'
[0.888s] Level 5:colcon.colcon_core.verb:set package 'yolobot_recognition' build argument 'cmake_target' from command line to 'None'
[0.888s] Level 5:colcon.colcon_core.verb:set package 'yolobot_recognition' build argument 'cmake_target_skip_unavailable' from command line to 'False'
[0.888s] Level 5:colcon.colcon_core.verb:set package 'yolobot_recognition' build argument 'cmake_clean_cache' from command line to 'False'
[0.888s] Level 5:colcon.colcon_core.verb:set package 'yolobot_recognition' build argument 'cmake_clean_first' from command line to 'False'
[0.888s] Level 5:colcon.colcon_core.verb:set package 'yolobot_recognition' build argument 'cmake_force_configure' from command line to 'False'
[0.888s] Level 5:colcon.colcon_core.verb:set package 'yolobot_recognition' build argument 'ament_cmake_args' from command line to 'None'
[0.888s] Level 5:colcon.colcon_core.verb:set package 'yolobot_recognition' build argument 'catkin_cmake_args' from command line to 'None'
[0.888s] Level 5:colcon.colcon_core.verb:set package 'yolobot_recognition' build argument 'catkin_skip_building_tests' from command line to 'False'
[0.888s] DEBUG:colcon.colcon_core.verb:Building package 'yolobot_recognition' with the following arguments: {'ament_cmake_args': None, 'build_base': '/home/majiidkun/tubes_uro/build/yolobot_recognition', 'catkin_cmake_args': None, 'catkin_skip_building_tests': False, 'cmake_args': None, 'cmake_clean_cache': False, 'cmake_clean_first': False, 'cmake_force_configure': False, 'cmake_target': None, 'cmake_target_skip_unavailable': False, 'install_base': '/home/majiidkun/tubes_uro/install/yolobot_recognition', 'merge_install': False, 'path': '/home/majiidkun/tubes_uro/src/tubes_uro_recognition', 'symlink_install': False, 'test_result_base': None}
[0.889s] INFO:colcon.colcon_core.executor:Executing jobs using 'parallel' executor
[0.892s] DEBUG:colcon.colcon_parallel_executor.executor.parallel:run_until_complete
[0.893s] INFO:colcon.colcon_ros.task.ament_cmake.build:Building ROS package in '/home/majiidkun/tubes_uro/src/tubes_uro_control' with build type 'ament_cmake'
[0.893s] INFO:colcon.colcon_cmake.task.cmake.build:Building CMake package in '/home/majiidkun/tubes_uro/src/tubes_uro_control'
[0.950s] INFO:colcon.colcon_core.plugin_system:Skipping extension 'colcon_core.shell.bat': Not used on non-Windows systems
[0.950s] INFO:colcon.colcon_core.shell:Skip shell extension 'powershell' for command environment: Not usable outside of PowerShell
[0.950s] DEBUG:colcon.colcon_core.shell:Skip shell extension 'dsv' for command environment
[0.966s] INFO:colcon.colcon_ros.task.ament_cmake.build:Building ROS package in '/home/majiidkun/tubes_uro/src/tubes_uro_description' with build type 'ament_cmake'
[0.966s] INFO:colcon.colcon_cmake.task.cmake.build:Building CMake package in '/home/majiidkun/tubes_uro/src/tubes_uro_description'
[0.969s] INFO:colcon.colcon_core.shell:Skip shell extension 'powershell' for command environment: Not usable outside of PowerShell
[0.970s] DEBUG:colcon.colcon_core.shell:Skip shell extension 'dsv' for command environment
[0.986s] INFO:colcon.colcon_ros.task.ament_cmake.build:Building ROS package in '/home/majiidkun/tubes_uro/src/tubes_uro_gazebo' with build type 'ament_cmake'
[0.988s] INFO:colcon.colcon_cmake.task.cmake.build:Building CMake package in '/home/majiidkun/tubes_uro/src/tubes_uro_gazebo'
[0.991s] INFO:colcon.colcon_core.shell:Skip shell extension 'powershell' for command environment: Not usable outside of PowerShell
[0.992s] DEBUG:colcon.colcon_core.shell:Skip shell extension 'dsv' for command environment
[1.005s] INFO:colcon.colcon_ros.task.ament_cmake.build:Building ROS package in '/home/majiidkun/tubes_uro/src/tubes_uro_recognition' with build type 'ament_cmake'
[1.006s] INFO:colcon.colcon_cmake.task.cmake.build:Building CMake package in '/home/majiidkun/tubes_uro/src/tubes_uro_recognition'
[1.007s] INFO:colcon.colcon_core.shell:Skip shell extension 'powershell' for command environment: Not usable outside of PowerShell
[1.007s] DEBUG:colcon.colcon_core.shell:Skip shell extension 'dsv' for command environment
[1.036s] DEBUG:colcon.colcon_core.event_handler.log_command:Invoking command in '/home/majiidkun/tubes_uro/build/yolobot_control': CMAKE_PREFIX_PATH=/opt/ros/humble /usr/bin/cmake /home/majiidkun/tubes_uro/src/tubes_uro_control -DCMAKE_INSTALL_PREFIX=/home/majiidkun/tubes_uro/install/yolobot_control
[1.059s] DEBUG:colcon.colcon_core.event_handler.log_command:Invoking command in '/home/majiidkun/tubes_uro/build/yolobot_description': CMAKE_PREFIX_PATH=/opt/ros/humble /usr/bin/cmake /home/majiidkun/tubes_uro/src/tubes_uro_description -DCMAKE_INSTALL_PREFIX=/home/majiidkun/tubes_uro/install/yolobot_description
[1.074s] DEBUG:colcon.colcon_core.event_handler.log_command:Invoking command in '/home/majiidkun/tubes_uro/build/yolobot_gazebo': CMAKE_PREFIX_PATH=/opt/ros/humble /usr/bin/cmake /home/majiidkun/tubes_uro/src/tubes_uro_gazebo -DCMAKE_INSTALL_PREFIX=/home/majiidkun/tubes_uro/install/yolobot_gazebo
[1.086s] DEBUG:colcon.colcon_core.event_handler.log_command:Invoking command in '/home/majiidkun/tubes_uro/build/yolobot_recognition': CMAKE_PREFIX_PATH=/opt/ros/humble /usr/bin/cmake /home/majiidkun/tubes_uro/src/tubes_uro_recognition -DCMAKE_INSTALL_PREFIX=/home/majiidkun/tubes_uro/install/yolobot_recognition
[3.723s] DEBUG:colcon.colcon_core.event_handler.log_command:Invoked command in '/home/majiidkun/tubes_uro/build/yolobot_control' returned '0': CMAKE_PREFIX_PATH=/opt/ros/humble /usr/bin/cmake /home/majiidkun/tubes_uro/src/tubes_uro_control -DCMAKE_INSTALL_PREFIX=/home/majiidkun/tubes_uro/install/yolobot_control
[3.730s] DEBUG:colcon.colcon_core.event_handler.log_command:Invoking command in '/home/majiidkun/tubes_uro/build/yolobot_control': CMAKE_PREFIX_PATH=/opt/ros/humble /usr/bin/cmake --build /home/majiidkun/tubes_uro/build/yolobot_control -- -j8 -l8
[3.733s] DEBUG:colcon.colcon_core.event_handler.log_command:Invoked command in '/home/majiidkun/tubes_uro/build/yolobot_gazebo' returned '0': CMAKE_PREFIX_PATH=/opt/ros/humble /usr/bin/cmake /home/majiidkun/tubes_uro/src/tubes_uro_gazebo -DCMAKE_INSTALL_PREFIX=/home/majiidkun/tubes_uro/install/yolobot_gazebo
[3.738s] DEBUG:colcon.colcon_core.event_handler.log_command:Invoking command in '/home/majiidkun/tubes_uro/build/yolobot_gazebo': CMAKE_PREFIX_PATH=/opt/ros/humble /usr/bin/cmake --build /home/majiidkun/tubes_uro/build/yolobot_gazebo -- -j8 -l8
[3.775s] DEBUG:colcon.colcon_core.event_handler.log_command:Invoked command in '/home/majiidkun/tubes_uro/build/yolobot_recognition' returned '0': CMAKE_PREFIX_PATH=/opt/ros/humble /usr/bin/cmake /home/majiidkun/tubes_uro/src/tubes_uro_recognition -DCMAKE_INSTALL_PREFIX=/home/majiidkun/tubes_uro/install/yolobot_recognition
[3.778s] DEBUG:colcon.colcon_core.event_handler.log_command:Invoking command in '/home/majiidkun/tubes_uro/build/yolobot_recognition': CMAKE_PREFIX_PATH=/opt/ros/humble /usr/bin/cmake --build /home/majiidkun/tubes_uro/build/yolobot_recognition -- -j8 -l8
[3.789s] DEBUG:colcon.colcon_core.event_handler.log_command:Invoked command in '/home/majiidkun/tubes_uro/build/yolobot_control' returned '0': CMAKE_PREFIX_PATH=/opt/ros/humble /usr/bin/cmake --build /home/majiidkun/tubes_uro/build/yolobot_control -- -j8 -l8
[3.806s] DEBUG:colcon.colcon_core.event_handler.log_command:Invoking command in '/home/majiidkun/tubes_uro/build/yolobot_control': CMAKE_PREFIX_PATH=/opt/ros/humble /usr/bin/cmake --install /home/majiidkun/tubes_uro/build/yolobot_control
[3.809s] DEBUG:colcon.colcon_core.event_handler.log_command:Invoked command in '/home/majiidkun/tubes_uro/build/yolobot_gazebo' returned '0': CMAKE_PREFIX_PATH=/opt/ros/humble /usr/bin/cmake --build /home/majiidkun/tubes_uro/build/yolobot_gazebo -- -j8 -l8
[3.815s] DEBUG:colcon.colcon_core.event_handler.log_command:Invoking command in '/home/majiidkun/tubes_uro/build/yolobot_gazebo': CMAKE_PREFIX_PATH=/opt/ros/humble /usr/bin/cmake --install /home/majiidkun/tubes_uro/build/yolobot_gazebo
[3.840s] Level 1:colcon.colcon_core.environment:create_environment_scripts_only(yolobot_control)
[3.846s] DEBUG:colcon.colcon_core.event_handler.log_command:Invoked command in '/home/majiidkun/tubes_uro/build/yolobot_control' returned '0': CMAKE_PREFIX_PATH=/opt/ros/humble /usr/bin/cmake --install /home/majiidkun/tubes_uro/build/yolobot_control
[3.854s] Level 1:colcon.colcon_core.environment:checking '/home/majiidkun/tubes_uro/install/yolobot_control' for CMake module files
[3.855s] Level 1:colcon.colcon_core.environment:checking '/home/majiidkun/tubes_uro/install/yolobot_control' for CMake config files
[3.855s] Level 1:colcon.colcon_core.shell:create_environment_hook('yolobot_control', 'cmake_prefix_path')
[3.855s] INFO:colcon.colcon_core.shell:Creating environment hook '/home/majiidkun/tubes_uro/install/yolobot_control/share/yolobot_control/hook/cmake_prefix_path.ps1'
[3.858s] INFO:colcon.colcon_core.shell:Creating environment descriptor '/home/majiidkun/tubes_uro/install/yolobot_control/share/yolobot_control/hook/cmake_prefix_path.dsv'
[3.859s] INFO:colcon.colcon_core.shell:Creating environment hook '/home/majiidkun/tubes_uro/install/yolobot_control/share/yolobot_control/hook/cmake_prefix_path.sh'
[3.861s] Level 1:colcon.colcon_core.environment:checking '/home/majiidkun/tubes_uro/install/yolobot_control/lib'
[3.861s] Level 1:colcon.colcon_core.environment:checking '/home/majiidkun/tubes_uro/install/yolobot_control/bin'
[3.861s] Level 1:colcon.colcon_core.environment:checking '/home/majiidkun/tubes_uro/install/yolobot_control/lib/pkgconfig/yolobot_control.pc'
[3.862s] Level 1:colcon.colcon_core.environment:checking '/home/majiidkun/tubes_uro/install/yolobot_control/lib/python3.10/site-packages'
[3.862s] Level 1:colcon.colcon_core.environment:checking '/home/majiidkun/tubes_uro/install/yolobot_control/bin'
[3.862s] INFO:colcon.colcon_core.shell:Creating package script '/home/majiidkun/tubes_uro/install/yolobot_control/share/yolobot_control/package.ps1'
[3.864s] INFO:colcon.colcon_core.shell:Creating package descriptor '/home/majiidkun/tubes_uro/install/yolobot_control/share/yolobot_control/package.dsv'
[3.865s] INFO:colcon.colcon_core.shell:Creating package script '/home/majiidkun/tubes_uro/install/yolobot_control/share/yolobot_control/package.sh'
[3.867s] INFO:colcon.colcon_core.shell:Creating package script '/home/majiidkun/tubes_uro/install/yolobot_control/share/yolobot_control/package.bash'
[3.869s] INFO:colcon.colcon_core.shell:Creating package script '/home/majiidkun/tubes_uro/install/yolobot_control/share/yolobot_control/package.zsh'
[3.870s] Level 1:colcon.colcon_core.environment:create_file_with_runtime_dependencies(/home/majiidkun/tubes_uro/install/yolobot_control/share/colcon-core/packages/yolobot_control)
[3.872s] Level 1:colcon.colcon_core.environment:create_environment_scripts_only(yolobot_control)
[3.872s] Level 1:colcon.colcon_core.environment:checking '/home/majiidkun/tubes_uro/install/yolobot_control' for CMake module files
[3.873s] Level 1:colcon.colcon_core.environment:checking '/home/majiidkun/tubes_uro/install/yolobot_control' for CMake config files
[3.873s] Level 1:colcon.colcon_core.shell:create_environment_hook('yolobot_control', 'cmake_prefix_path')
[3.873s] INFO:colcon.colcon_core.shell:Creating environment hook '/home/majiidkun/tubes_uro/install/yolobot_control/share/yolobot_control/hook/cmake_prefix_path.ps1'
[3.874s] INFO:colcon.colcon_core.shell:Creating environment descriptor '/home/majiidkun/tubes_uro/install/yolobot_control/share/yolobot_control/hook/cmake_prefix_path.dsv'
[3.874s] INFO:colcon.colcon_core.shell:Creating environment hook '/home/majiidkun/tubes_uro/install/yolobot_control/share/yolobot_control/hook/cmake_prefix_path.sh'
[3.875s] Level 1:colcon.colcon_core.environment:checking '/home/majiidkun/tubes_uro/install/yolobot_control/lib'
[3.875s] Level 1:colcon.colcon_core.environment:checking '/home/majiidkun/tubes_uro/install/yolobot_control/bin'
[3.875s] Level 1:colcon.colcon_core.environment:checking '/home/majiidkun/tubes_uro/install/yolobot_control/lib/pkgconfig/yolobot_control.pc'
[3.876s] Level 1:colcon.colcon_core.environment:checking '/home/majiidkun/tubes_uro/install/yolobot_control/lib/python3.10/site-packages'
[3.876s] Level 1:colcon.colcon_core.environment:checking '/home/majiidkun/tubes_uro/install/yolobot_control/bin'
[3.876s] INFO:colcon.colcon_core.shell:Creating package script '/home/majiidkun/tubes_uro/install/yolobot_control/share/yolobot_control/package.ps1'
[3.877s] INFO:colcon.colcon_core.shell:Creating package descriptor '/home/majiidkun/tubes_uro/install/yolobot_control/share/yolobot_control/package.dsv'
[3.878s] INFO:colcon.colcon_core.shell:Creating package script '/home/majiidkun/tubes_uro/install/yolobot_control/share/yolobot_control/package.sh'
[3.878s] INFO:colcon.colcon_core.shell:Creating package script '/home/majiidkun/tubes_uro/install/yolobot_control/share/yolobot_control/package.bash'
[3.879s] INFO:colcon.colcon_core.shell:Creating package script '/home/majiidkun/tubes_uro/install/yolobot_control/share/yolobot_control/package.zsh'
[3.880s] Level 1:colcon.colcon_core.environment:create_file_with_runtime_dependencies(/home/majiidkun/tubes_uro/install/yolobot_control/share/colcon-core/packages/yolobot_control)
[3.884s] DEBUG:colcon.colcon_core.event_handler.log_command:Invoked command in '/home/majiidkun/tubes_uro/build/yolobot_recognition' returned '0': CMAKE_PREFIX_PATH=/opt/ros/humble /usr/bin/cmake --build /home/majiidkun/tubes_uro/build/yolobot_recognition -- -j8 -l8
[3.887s] DEBUG:colcon.colcon_core.event_handler.log_command:Invoking command in '/home/majiidkun/tubes_uro/build/yolobot_recognition': CMAKE_PREFIX_PATH=/opt/ros/humble /usr/bin/cmake --install /home/majiidkun/tubes_uro/build/yolobot_recognition
[3.888s] Level 1:colcon.colcon_core.environment:create_environment_scripts_only(yolobot_gazebo)
[3.889s] Level 1:colcon.colcon_core.environment:checking '/home/majiidkun/tubes_uro/install/yolobot_gazebo' for CMake module files
[3.891s] DEBUG:colcon.colcon_core.event_handler.log_command:Invoked command in '/home/majiidkun/tubes_uro/build/yolobot_gazebo' returned '0': CMAKE_PREFIX_PATH=/opt/ros/humble /usr/bin/cmake --install /home/majiidkun/tubes_uro/build/yolobot_gazebo
[3.892s] Level 1:colcon.colcon_core.environment:checking '/home/majiidkun/tubes_uro/install/yolobot_gazebo' for CMake config files
[3.892s] Level 1:colcon.colcon_core.shell:create_environment_hook('yolobot_gazebo', 'cmake_prefix_path')
[3.892s] INFO:colcon.colcon_core.shell:Creating environment hook '/home/majiidkun/tubes_uro/install/yolobot_gazebo/share/yolobot_gazebo/hook/cmake_prefix_path.ps1'
[3.893s] INFO:colcon.colcon_core.shell:Creating environment descriptor '/home/majiidkun/tubes_uro/install/yolobot_gazebo/share/yolobot_gazebo/hook/cmake_prefix_path.dsv'
[3.894s] INFO:colcon.colcon_core.shell:Creating environment hook '/home/majiidkun/tubes_uro/install/yolobot_gazebo/share/yolobot_gazebo/hook/cmake_prefix_path.sh'
[3.895s] Level 1:colcon.colcon_core.environment:checking '/home/majiidkun/tubes_uro/install/yolobot_gazebo/bin'
[3.895s] Level 1:colcon.colcon_core.environment:checking '/home/majiidkun/tubes_uro/install/yolobot_gazebo/lib/pkgconfig/yolobot_gazebo.pc'
[3.895s] Level 1:colcon.colcon_core.environment:checking '/home/majiidkun/tubes_uro/install/yolobot_gazebo/lib/python3.10/site-packages'
[3.896s] Level 1:colcon.colcon_core.environment:checking '/home/majiidkun/tubes_uro/install/yolobot_gazebo/bin'
[3.896s] INFO:colcon.colcon_core.shell:Creating package script '/home/majiidkun/tubes_uro/install/yolobot_gazebo/share/yolobot_gazebo/package.ps1'
[3.904s] INFO:colcon.colcon_core.shell:Creating package descriptor '/home/majiidkun/tubes_uro/install/yolobot_gazebo/share/yolobot_gazebo/package.dsv'
[3.907s] INFO:colcon.colcon_core.shell:Creating package script '/home/majiidkun/tubes_uro/install/yolobot_gazebo/share/yolobot_gazebo/package.sh'
[3.907s] INFO:colcon.colcon_core.shell:Creating package script '/home/majiidkun/tubes_uro/install/yolobot_gazebo/share/yolobot_gazebo/package.bash'
[3.908s] INFO:colcon.colcon_core.shell:Creating package script '/home/majiidkun/tubes_uro/install/yolobot_gazebo/share/yolobot_gazebo/package.zsh'
[3.909s] Level 1:colcon.colcon_core.environment:create_file_with_runtime_dependencies(/home/majiidkun/tubes_uro/install/yolobot_gazebo/share/colcon-core/packages/yolobot_gazebo)
[3.911s] Level 1:colcon.colcon_core.environment:create_environment_scripts_only(yolobot_gazebo)
[3.912s] Level 1:colcon.colcon_core.environment:checking '/home/majiidkun/tubes_uro/install/yolobot_gazebo' for CMake module files
[3.912s] Level 1:colcon.colcon_core.environment:checking '/home/majiidkun/tubes_uro/install/yolobot_gazebo' for CMake config files
[3.913s] Level 1:colcon.colcon_core.shell:create_environment_hook('yolobot_gazebo', 'cmake_prefix_path')
[3.913s] INFO:colcon.colcon_core.shell:Creating environment hook '/home/majiidkun/tubes_uro/install/yolobot_gazebo/share/yolobot_gazebo/hook/cmake_prefix_path.ps1'
[3.914s] INFO:colcon.colcon_core.shell:Creating environment descriptor '/home/majiidkun/tubes_uro/install/yolobot_gazebo/share/yolobot_gazebo/hook/cmake_prefix_path.dsv'
[3.914s] INFO:colcon.colcon_core.shell:Creating environment hook '/home/majiidkun/tubes_uro/install/yolobot_gazebo/share/yolobot_gazebo/hook/cmake_prefix_path.sh'
[3.915s] Level 1:colcon.colcon_core.environment:checking '/home/majiidkun/tubes_uro/install/yolobot_gazebo/bin'
[3.915s] Level 1:colcon.colcon_core.environment:checking '/home/majiidkun/tubes_uro/install/yolobot_gazebo/lib/pkgconfig/yolobot_gazebo.pc'
[3.916s] Level 1:colcon.colcon_core.environment:checking '/home/majiidkun/tubes_uro/install/yolobot_gazebo/lib/python3.10/site-packages'
[3.916s] Level 1:colcon.colcon_core.environment:checking '/home/majiidkun/tubes_uro/install/yolobot_gazebo/bin'
[3.917s] INFO:colcon.colcon_core.shell:Creating package script '/home/majiidkun/tubes_uro/install/yolobot_gazebo/share/yolobot_gazebo/package.ps1'
[3.917s] INFO:colcon.colcon_core.shell:Creating package descriptor '/home/majiidkun/tubes_uro/install/yolobot_gazebo/share/yolobot_gazebo/package.dsv'
[3.918s] INFO:colcon.colcon_core.shell:Creating package script '/home/majiidkun/tubes_uro/install/yolobot_gazebo/share/yolobot_gazebo/package.sh'
[3.919s] INFO:colcon.colcon_core.shell:Creating package script '/home/majiidkun/tubes_uro/install/yolobot_gazebo/share/yolobot_gazebo/package.bash'
[3.919s] INFO:colcon.colcon_core.shell:Creating package script '/home/majiidkun/tubes_uro/install/yolobot_gazebo/share/yolobot_gazebo/package.zsh'
[3.920s] Level 1:colcon.colcon_core.environment:create_file_with_runtime_dependencies(/home/majiidkun/tubes_uro/install/yolobot_gazebo/share/colcon-core/packages/yolobot_gazebo)
[3.923s] Level 1:colcon.colcon_core.environment:create_environment_scripts_only(yolobot_recognition)
[3.924s] Level 1:colcon.colcon_core.environment:checking '/home/majiidkun/tubes_uro/install/yolobot_recognition' for CMake module files
[3.926s] DEBUG:colcon.colcon_core.event_handler.log_command:Invoked command in '/home/majiidkun/tubes_uro/build/yolobot_recognition' returned '0': CMAKE_PREFIX_PATH=/opt/ros/humble /usr/bin/cmake --install /home/majiidkun/tubes_uro/build/yolobot_recognition
[3.926s] Level 1:colcon.colcon_core.environment:checking '/home/majiidkun/tubes_uro/install/yolobot_recognition' for CMake config files
[3.927s] Level 1:colcon.colcon_core.shell:create_environment_hook('yolobot_recognition', 'cmake_prefix_path')
[3.927s] INFO:colcon.colcon_core.shell:Creating environment hook '/home/majiidkun/tubes_uro/install/yolobot_recognition/share/yolobot_recognition/hook/cmake_prefix_path.ps1'
[3.928s] INFO:colcon.colcon_core.shell:Creating environment descriptor '/home/majiidkun/tubes_uro/install/yolobot_recognition/share/yolobot_recognition/hook/cmake_prefix_path.dsv'
[3.929s] INFO:colcon.colcon_core.shell:Creating environment hook '/home/majiidkun/tubes_uro/install/yolobot_recognition/share/yolobot_recognition/hook/cmake_prefix_path.sh'
[3.930s] Level 1:colcon.colcon_core.environment:checking '/home/majiidkun/tubes_uro/install/yolobot_recognition/bin'
[3.930s] Level 1:colcon.colcon_core.environment:checking '/home/majiidkun/tubes_uro/install/yolobot_recognition/lib/pkgconfig/yolobot_recognition.pc'
[3.930s] Level 1:colcon.colcon_core.environment:checking '/home/majiidkun/tubes_uro/install/yolobot_recognition/lib/python3.10/site-packages'
[3.931s] Level 1:colcon.colcon_core.environment:checking '/home/majiidkun/tubes_uro/install/yolobot_recognition/bin'
[3.931s] INFO:colcon.colcon_core.shell:Creating package script '/home/majiidkun/tubes_uro/install/yolobot_recognition/share/yolobot_recognition/package.ps1'
[3.932s] INFO:colcon.colcon_core.shell:Creating package descriptor '/home/majiidkun/tubes_uro/install/yolobot_recognition/share/yolobot_recognition/package.dsv'
[3.932s] INFO:colcon.colcon_core.shell:Creating package script '/home/majiidkun/tubes_uro/install/yolobot_recognition/share/yolobot_recognition/package.sh'
[3.933s] INFO:colcon.colcon_core.shell:Creating package script '/home/majiidkun/tubes_uro/install/yolobot_recognition/share/yolobot_recognition/package.bash'
[3.933s] INFO:colcon.colcon_core.shell:Creating package script '/home/majiidkun/tubes_uro/install/yolobot_recognition/share/yolobot_recognition/package.zsh'
[3.934s] Level 1:colcon.colcon_core.environment:create_file_with_runtime_dependencies(/home/majiidkun/tubes_uro/install/yolobot_recognition/share/colcon-core/packages/yolobot_recognition)
[3.935s] Level 1:colcon.colcon_core.environment:create_environment_scripts_only(yolobot_recognition)
[3.935s] Level 1:colcon.colcon_core.environment:checking '/home/majiidkun/tubes_uro/install/yolobot_recognition' for CMake module files
[3.936s] Level 1:colcon.colcon_core.environment:checking '/home/majiidkun/tubes_uro/install/yolobot_recognition' for CMake config files
[3.936s] Level 1:colcon.colcon_core.shell:create_environment_hook('yolobot_recognition', 'cmake_prefix_path')
[3.937s] INFO:colcon.colcon_core.shell:Creating environment hook '/home/majiidkun/tubes_uro/install/yolobot_recognition/share/yolobot_recognition/hook/cmake_prefix_path.ps1'
[3.938s] INFO:colcon.colcon_core.shell:Creating environment descriptor '/home/majiidkun/tubes_uro/install/yolobot_recognition/share/yolobot_recognition/hook/cmake_prefix_path.dsv'
[3.938s] INFO:colcon.colcon_core.shell:Creating environment hook '/home/majiidkun/tubes_uro/install/yolobot_recognition/share/yolobot_recognition/hook/cmake_prefix_path.sh'
[3.940s] Level 1:colcon.colcon_core.environment:checking '/home/majiidkun/tubes_uro/install/yolobot_recognition/bin'
[3.940s] Level 1:colcon.colcon_core.environment:checking '/home/majiidkun/tubes_uro/install/yolobot_recognition/lib/pkgconfig/yolobot_recognition.pc'
[3.940s] Level 1:colcon.colcon_core.environment:checking '/home/majiidkun/tubes_uro/install/yolobot_recognition/lib/python3.10/site-packages'
[3.941s] Level 1:colcon.colcon_core.environment:checking '/home/majiidkun/tubes_uro/install/yolobot_recognition/bin'
[3.942s] INFO:colcon.colcon_core.shell:Creating package script '/home/majiidkun/tubes_uro/install/yolobot_recognition/share/yolobot_recognition/package.ps1'
[3.942s] INFO:colcon.colcon_core.shell:Creating package descriptor '/home/majiidkun/tubes_uro/install/yolobot_recognition/share/yolobot_recognition/package.dsv'
[3.943s] INFO:colcon.colcon_core.shell:Creating package script '/home/majiidkun/tubes_uro/install/yolobot_recognition/share/yolobot_recognition/package.sh'
[3.944s] INFO:colcon.colcon_core.shell:Creating package script '/home/majiidkun/tubes_uro/install/yolobot_recognition/share/yolobot_recognition/package.bash'
[3.945s] INFO:colcon.colcon_core.shell:Creating package script '/home/majiidkun/tubes_uro/install/yolobot_recognition/share/yolobot_recognition/package.zsh'
[3.945s] Level 1:colcon.colcon_core.environment:create_file_with_runtime_dependencies(/home/majiidkun/tubes_uro/install/yolobot_recognition/share/colcon-core/packages/yolobot_recognition)
[5.480s] DEBUG:colcon.colcon_core.event_handler.log_command:Invoked command in '/home/majiidkun/tubes_uro/build/yolobot_description' returned '0': CMAKE_PREFIX_PATH=/opt/ros/humble /usr/bin/cmake /home/majiidkun/tubes_uro/src/tubes_uro_description -DCMAKE_INSTALL_PREFIX=/home/majiidkun/tubes_uro/install/yolobot_description
[5.485s] DEBUG:colcon.colcon_core.event_handler.log_command:Invoking command in '/home/majiidkun/tubes_uro/build/yolobot_description': CMAKE_PREFIX_PATH=/opt/ros/humble /usr/bin/cmake --build /home/majiidkun/tubes_uro/build/yolobot_description -- -j8 -l8
[5.573s] DEBUG:colcon.colcon_core.event_handler.log_command:Invoked command in '/home/majiidkun/tubes_uro/build/yolobot_description' returned '0': CMAKE_PREFIX_PATH=/opt/ros/humble /usr/bin/cmake --build /home/majiidkun/tubes_uro/build/yolobot_description -- -j8 -l8
[5.580s] DEBUG:colcon.colcon_core.event_handler.log_command:Invoking command in '/home/majiidkun/tubes_uro/build/yolobot_description': CMAKE_PREFIX_PATH=/opt/ros/humble /usr/bin/cmake --install /home/majiidkun/tubes_uro/build/yolobot_description
[5.625s] Level 1:colcon.colcon_core.environment:create_environment_scripts_only(yolobot_description)
[5.626s] Level 1:colcon.colcon_core.environment:checking '/home/majiidkun/tubes_uro/install/yolobot_description' for CMake module files
[5.629s] DEBUG:colcon.colcon_core.event_handler.log_command:Invoked command in '/home/majiidkun/tubes_uro/build/yolobot_description' returned '0': CMAKE_PREFIX_PATH=/opt/ros/humble /usr/bin/cmake --install /home/majiidkun/tubes_uro/build/yolobot_description
[5.631s] Level 1:colcon.colcon_core.environment:checking '/home/majiidkun/tubes_uro/install/yolobot_description' for CMake config files
[5.632s] Level 1:colcon.colcon_core.shell:create_environment_hook('yolobot_description', 'cmake_prefix_path')
[5.633s] INFO:colcon.colcon_core.shell:Creating environment hook '/home/majiidkun/tubes_uro/install/yolobot_description/share/yolobot_description/hook/cmake_prefix_path.ps1'
[5.635s] INFO:colcon.colcon_core.shell:Creating environment descriptor '/home/majiidkun/tubes_uro/install/yolobot_description/share/yolobot_description/hook/cmake_prefix_path.dsv'
[5.637s] INFO:colcon.colcon_core.shell:Creating environment hook '/home/majiidkun/tubes_uro/install/yolobot_description/share/yolobot_description/hook/cmake_prefix_path.sh'
[5.638s] Level 1:colcon.colcon_core.environment:checking '/home/majiidkun/tubes_uro/install/yolobot_description/lib'
[5.639s] Level 1:colcon.colcon_core.environment:checking '/home/majiidkun/tubes_uro/install/yolobot_description/bin'
[5.639s] Level 1:colcon.colcon_core.environment:checking '/home/majiidkun/tubes_uro/install/yolobot_description/lib/pkgconfig/yolobot_description.pc'
[5.640s] Level 1:colcon.colcon_core.environment:checking '/home/majiidkun/tubes_uro/install/yolobot_description/lib/python3.10/site-packages'
[5.641s] Level 1:colcon.colcon_core.environment:checking '/home/majiidkun/tubes_uro/install/yolobot_description/bin'
[5.642s] INFO:colcon.colcon_core.shell:Creating package script '/home/majiidkun/tubes_uro/install/yolobot_description/share/yolobot_description/package.ps1'
[5.644s] INFO:colcon.colcon_core.shell:Creating package descriptor '/home/majiidkun/tubes_uro/install/yolobot_description/share/yolobot_description/package.dsv'
[5.645s] INFO:colcon.colcon_core.shell:Creating package script '/home/majiidkun/tubes_uro/install/yolobot_description/share/yolobot_description/package.sh'
[5.646s] INFO:colcon.colcon_core.shell:Creating package script '/home/majiidkun/tubes_uro/install/yolobot_description/share/yolobot_description/package.bash'
[5.648s] INFO:colcon.colcon_core.shell:Creating package script '/home/majiidkun/tubes_uro/install/yolobot_description/share/yolobot_description/package.zsh'
[5.649s] Level 1:colcon.colcon_core.environment:create_file_with_runtime_dependencies(/home/majiidkun/tubes_uro/install/yolobot_description/share/colcon-core/packages/yolobot_description)
[5.652s] Level 1:colcon.colcon_core.environment:create_environment_scripts_only(yolobot_description)
[5.653s] Level 1:colcon.colcon_core.environment:checking '/home/majiidkun/tubes_uro/install/yolobot_description' for CMake module files
[5.654s] Level 1:colcon.colcon_core.environment:checking '/home/majiidkun/tubes_uro/install/yolobot_description' for CMake config files
[5.655s] Level 1:colcon.colcon_core.shell:create_environment_hook('yolobot_description', 'cmake_prefix_path')
[5.656s] INFO:colcon.colcon_core.shell:Creating environment hook '/home/majiidkun/tubes_uro/install/yolobot_description/share/yolobot_description/hook/cmake_prefix_path.ps1'
[5.657s] INFO:colcon.colcon_core.shell:Creating environment descriptor '/home/majiidkun/tubes_uro/install/yolobot_description/share/yolobot_description/hook/cmake_prefix_path.dsv'
[5.659s] INFO:colcon.colcon_core.shell:Creating environment hook '/home/majiidkun/tubes_uro/install/yolobot_description/share/yolobot_description/hook/cmake_prefix_path.sh'
[5.661s] Level 1:colcon.colcon_core.environment:checking '/home/majiidkun/tubes_uro/install/yolobot_description/lib'
[5.661s] Level 1:colcon.colcon_core.environment:checking '/home/majiidkun/tubes_uro/install/yolobot_description/bin'
[5.662s] Level 1:colcon.colcon_core.environment:checking '/home/majiidkun/tubes_uro/install/yolobot_description/lib/pkgconfig/yolobot_description.pc'
[5.662s] Level 1:colcon.colcon_core.environment:checking '/home/majiidkun/tubes_uro/install/yolobot_description/lib/python3.10/site-packages'
[5.663s] Level 1:colcon.colcon_core.environment:checking '/home/majiidkun/tubes_uro/install/yolobot_description/bin'
[5.664s] INFO:colcon.colcon_core.shell:Creating package script '/home/majiidkun/tubes_uro/install/yolobot_description/share/yolobot_description/package.ps1'
[5.666s] INFO:colcon.colcon_core.shell:Creating package descriptor '/home/majiidkun/tubes_uro/install/yolobot_description/share/yolobot_description/package.dsv'
[5.682s] INFO:colcon.colcon_core.shell:Creating package script '/home/majiidkun/tubes_uro/install/yolobot_description/share/yolobot_description/package.sh'
[5.685s] INFO:colcon.colcon_core.shell:Creating package script '/home/majiidkun/tubes_uro/install/yolobot_description/share/yolobot_description/package.bash'
[5.687s] INFO:colcon.colcon_core.shell:Creating package script '/home/majiidkun/tubes_uro/install/yolobot_description/share/yolobot_description/package.zsh'
[5.690s] Level 1:colcon.colcon_core.environment:create_file_with_runtime_dependencies(/home/majiidkun/tubes_uro/install/yolobot_description/share/colcon-core/packages/yolobot_description)
[5.691s] DEBUG:colcon.colcon_parallel_executor.executor.parallel:closing loop
[5.695s] DEBUG:colcon.colcon_parallel_executor.executor.parallel:loop closed
[5.696s] DEBUG:colcon.colcon_parallel_executor.executor.parallel:run_until_complete finished with '0'
[5.697s] DEBUG:colcon.colcon_core.event_reactor:joining thread
[5.829s] INFO:colcon.colcon_core.plugin_system:Skipping extension 'colcon_notification.desktop_notification.notify_send': Could not find 'notify-send'
[5.830s] INFO:colcon.colcon_core.plugin_system:Skipping extension 'colcon_notification.desktop_notification.terminal_notifier': Not used on non-Darwin systems
[5.830s] INFO:colcon.colcon_core.plugin_system:Skipping extension 'colcon_notification.desktop_notification.win32': Not used on non-Windows systems
[5.831s] INFO:colcon.colcon_notification.desktop_notification:Sending desktop notification using 'notify2'
[5.850s] DEBUG:colcon.colcon_notification.desktop_notification.notify2:Failed to initialize notify2: org.freedesktop.DBus.Error.ServiceUnknown: The name org.freedesktop.Notifications was not provided by any .service files
[5.851s] DEBUG:colcon.colcon_core.event_reactor:joined thread
[5.852s] INFO:colcon.colcon_core.shell:Creating prefix script '/home/majiidkun/tubes_uro/install/local_setup.ps1'
[5.856s] INFO:colcon.colcon_core.shell:Creating prefix util module '/home/majiidkun/tubes_uro/install/_local_setup_util_ps1.py'
[5.863s] INFO:colcon.colcon_core.shell:Creating prefix chain script '/home/majiidkun/tubes_uro/install/setup.ps1'
[5.867s] INFO:colcon.colcon_core.shell:Creating prefix script '/home/majiidkun/tubes_uro/install/local_setup.sh'
[5.870s] INFO:colcon.colcon_core.shell:Creating prefix util module '/home/majiidkun/tubes_uro/install/_local_setup_util_sh.py'
[5.872s] INFO:colcon.colcon_core.shell:Creating prefix chain script '/home/majiidkun/tubes_uro/install/setup.sh'
[5.876s] INFO:colcon.colcon_core.shell:Creating prefix script '/home/majiidkun/tubes_uro/install/local_setup.bash'
[5.879s] INFO:colcon.colcon_core.shell:Creating prefix chain script '/home/majiidkun/tubes_uro/install/setup.bash'
[5.883s] INFO:colcon.colcon_core.shell:Creating prefix script '/home/majiidkun/tubes_uro/install/local_setup.zsh'
[5.886s] INFO:colcon.colcon_core.shell:Creating prefix chain script '/home/majiidkun/tubes_uro/install/setup.zsh'
