[0.087s] Invoking command in '/home/majiidkun/tubes_uro/build/yolobot_gazebo': CMAKE_PREFIX_PATH=/opt/ros/humble /usr/bin/cmake /home/majiidkun/tubes_uro/src/tubes_uro_gazebo -DCMAKE_INSTALL_PREFIX=/home/majiidkun/tubes_uro/install/yolobot_gazebo
[0.308s] -- The C compiler identification is GNU 11.4.0
[0.763s] -- The CXX compiler identification is GNU 11.4.0
[1.077s] -- Detecting C compiler ABI info
[1.239s] -- Detecting C compiler ABI info - done
[1.256s] -- Check for working C compiler: /usr/bin/cc - skipped
[1.288s] -- Detecting C compile features
[1.289s] -- Detecting C compile features - done
[1.295s] -- Detecting CXX compiler ABI info
[1.472s] -- Detecting CXX compiler ABI info - done
[1.496s] -- Check for working CXX compiler: /usr/bin/c++ - skipped
[1.496s] -- Detecting CXX compile features
[1.498s] -- Detecting CXX compile features - done
[1.530s] -- Found ament_cmake: 1.3.11 (/opt/ros/humble/share/ament_cmake/cmake)
[2.378s] -- Found Python3: /usr/bin/python3 (found version "3.10.12") found components: Interpreter 
[2.545s] -- Found rclpy: 3.3.15 (/opt/ros/humble/share/rclpy/cmake)
[2.547s] -- Found ament_lint_auto: 0.12.11 (/opt/ros/humble/share/ament_lint_auto/cmake)
[2.706s] -- Added test 'copyright' to check source files copyright and LICENSE
[2.712s] -- Added test 'flake8' to check Python code syntax and style conventions
[2.713s] -- Added test 'lint_cmake' to check CMake code style
[2.714s] -- Added test 'pep257' to check Python code against some of the docstring style conventions in PEP 257
[2.716s] -- Added test 'xmllint' to check XML markup files
[2.719s] -- Configuring done
[2.727s] -- Generating done
[2.731s] -- Build files have been written to: /home/majiidkun/tubes_uro/build/yolobot_gazebo
[2.746s] Invoked command in '/home/majiidkun/tubes_uro/build/yolobot_gazebo' returned '0': CMAKE_PREFIX_PATH=/opt/ros/humble /usr/bin/cmake /home/majiidkun/tubes_uro/src/tubes_uro_gazebo -DCMAKE_INSTALL_PREFIX=/home/majiidkun/tubes_uro/install/yolobot_gazebo
[2.751s] Invoking command in '/home/majiidkun/tubes_uro/build/yolobot_gazebo': CMAKE_PREFIX_PATH=/opt/ros/humble /usr/bin/cmake --build /home/majiidkun/tubes_uro/build/yolobot_gazebo -- -j8 -l8
[2.822s] Invoked command in '/home/majiidkun/tubes_uro/build/yolobot_gazebo' returned '0': CMAKE_PREFIX_PATH=/opt/ros/humble /usr/bin/cmake --build /home/majiidkun/tubes_uro/build/yolobot_gazebo -- -j8 -l8
[2.828s] Invoking command in '/home/majiidkun/tubes_uro/build/yolobot_gazebo': CMAKE_PREFIX_PATH=/opt/ros/humble /usr/bin/cmake --install /home/majiidkun/tubes_uro/build/yolobot_gazebo
[2.844s] -- Install configuration: ""
[2.845s] -- Installing: /home/majiidkun/tubes_uro/install/yolobot_gazebo/share/yolobot_gazebo//launch
[2.848s] -- Installing: /home/majiidkun/tubes_uro/install/yolobot_gazebo/share/yolobot_gazebo//launch/start_world_launch.py
[2.848s] -- Installing: /home/majiidkun/tubes_uro/install/yolobot_gazebo/share/yolobot_gazebo//launch/yolobot_launch.py
[2.849s] -- Installing: /home/majiidkun/tubes_uro/install/yolobot_gazebo/share/yolobot_gazebo//worlds
[2.849s] -- Installing: /home/majiidkun/tubes_uro/install/yolobot_gazebo/share/yolobot_gazebo//worlds/yolo_test.world
[2.855s] -- Installing: /home/majiidkun/tubes_uro/install/yolobot_gazebo/share/ament_index/resource_index/package_run_dependencies/yolobot_gazebo
[2.855s] -- Installing: /home/majiidkun/tubes_uro/install/yolobot_gazebo/share/ament_index/resource_index/parent_prefix_path/yolobot_gazebo
[2.856s] -- Installing: /home/majiidkun/tubes_uro/install/yolobot_gazebo/share/yolobot_gazebo/environment/ament_prefix_path.sh
[2.856s] -- Installing: /home/majiidkun/tubes_uro/install/yolobot_gazebo/share/yolobot_gazebo/environment/ament_prefix_path.dsv
[2.856s] -- Installing: /home/majiidkun/tubes_uro/install/yolobot_gazebo/share/yolobot_gazebo/environment/path.sh
[2.857s] -- Installing: /home/majiidkun/tubes_uro/install/yolobot_gazebo/share/yolobot_gazebo/environment/path.dsv
[2.858s] -- Installing: /home/majiidkun/tubes_uro/install/yolobot_gazebo/share/yolobot_gazebo/local_setup.bash
[2.858s] -- Installing: /home/majiidkun/tubes_uro/install/yolobot_gazebo/share/yolobot_gazebo/local_setup.sh
[2.858s] -- Installing: /home/majiidkun/tubes_uro/install/yolobot_gazebo/share/yolobot_gazebo/local_setup.zsh
[2.858s] -- Installing: /home/majiidkun/tubes_uro/install/yolobot_gazebo/share/yolobot_gazebo/local_setup.dsv
[2.859s] -- Installing: /home/majiidkun/tubes_uro/install/yolobot_gazebo/share/yolobot_gazebo/package.dsv
[2.859s] -- Installing: /home/majiidkun/tubes_uro/install/yolobot_gazebo/share/ament_index/resource_index/packages/yolobot_gazebo
[2.859s] -- Installing: /home/majiidkun/tubes_uro/install/yolobot_gazebo/share/yolobot_gazebo/cmake/yolobot_gazeboConfig.cmake
[2.860s] -- Installing: /home/majiidkun/tubes_uro/install/yolobot_gazebo/share/yolobot_gazebo/cmake/yolobot_gazeboConfig-version.cmake
[2.860s] -- Installing: /home/majiidkun/tubes_uro/install/yolobot_gazebo/share/yolobot_gazebo/package.xml
[2.904s] Invoked command in '/home/majiidkun/tubes_uro/build/yolobot_gazebo' returned '0': CMAKE_PREFIX_PATH=/opt/ros/humble /usr/bin/cmake --install /home/majiidkun/tubes_uro/build/yolobot_gazebo
